<?xml version="1.0" encoding="UTF-8"?>
<!--
  Copyright 1999-2006 The Apache Software Foundation

  Licensed under the Apache License, Version 2.0 (the "License");
  you may not use this file except in compliance with the License.
  You may obtain a copy of the License at

      http://www.apache.org/licenses/LICENSE-2.0

  Unless required by applicable law or agreed to in writing, software
  distributed under the License is distributed on an "AS IS" BASIS,
  WITHOUT WARRANTIES OR CONDITIONS OF ANY KIND, either express or implied.
  See the License for the specific language governing permissions and
  limitations under the License.
-->
<request xmlns="http://cocoon.apache.org/webdav/1.0" 
  xmlns:jx="http://apache.org/cocoon/templates/jx/1.0" 
  xmlns:d="DAV:"
  xmlns:some="http://cocoon.apache.org/samplenamespace/1.0"
  target="webdav://localhost/repos/test.xml" 
  method="PROPPATCH">
  <header name="Depth" value="0"/>
  <body>
    <d:propertyupdate>
      <d:set>
        <d:prop>
          <some:caption>A sample caption for a sample namespace</some:caption>
        </d:prop>
      </d:set>
    </d:propertyupdate>
  </body>
</request>