<?xml version="1.0"?>
<project default="webapp" basedir="." name="Test targets">
  <!-- Test targets =========================================================== -->

  <!-- Runs all tests -->
  <target name="test" depends="junit.tests, anteater.tests" description="Runs all tests"/>

  <!-- Runs JUnit tests -->
  <target name="junit.tests" depends="compile" description="Runs the unit tests">
    <mkdir dir="${build.test}"/>

    <!-- Copy test files to build test dir -->
    <copy todir="${build.test}" filtering="on">
      <fileset dir="${test}" excludes="**/*.java"/>
    </copy>

    <!-- Compile tests -->
    <javac srcdir="${test}"
           destdir="${build.test}"
           debug="${compiler.debug}"
           optimize="${compiler.optimize}"
           deprecation="${compiler.deprecation}"
           target="${target.vm}"
           fork="true">
      <classpath refid="classpath"/>
      <classpath refid="scratchpad.classpath"/>
      <classpath>
        <pathelement path="${build.dest}" />
        <pathelement path="${build.scratchpad.dest}" />
        <!-- FIXME Resolver tests depend on deprecated stuff -->
        <pathelement path="${build.deprecated}" />
      </classpath>
    </javac>
    <junit printsummary="yes" haltonfailure="yes" fork="yes">
      <classpath>
        <pathelement location="${build.test}" />
        <pathelement location="${build.dest}" />
        <pathelement location="${build.scratchpad.dest}" />
        <!-- FIXME Resolver tests depend on deprecated stuff -->
        <pathelement path="${build.deprecated}" />
        <pathelement path="${java.class.path}" />
      </classpath>
      <classpath refid="classpath"/>
      <classpath refid="scratchpad.classpath"/>
      <formatter type="plain" usefile="no" />
      <batchtest>
        <fileset dir="${build.test}">
          <include name="**/*TestCase.class"/>
          <include name="**/*Test.class" />
          <exclude name="**/AllTest.class" />
          <exclude name="**/*$$*Test.class" />
          <exclude name="**/Abstract*.class" />
        </fileset>
      </batchtest>
    </junit>
  </target>

  <!-- Anteater tests  -->
  <target name="anteater.tests" description="Runs the functional tests">
    <property name="host" value="localhost"/>
    <property name="port" value="8888"/>
    <property name="base" value="/"/>

    <!-- FIXME: Anteater invocation is platform specific
    <exec executable="cmd">
      <arg line="/C C:\Java\anteater-0.9.15\bin\anteater.bat -f src/test/anteater/all-tests.xml -Dhost=${host} -Dport=${port} -Dbase=${base}"/>
    </exec>
    <exec executable="anteater">
      <arg line="-f src/test/anteater/all-tests.xml -Dhost=${host} -Dport=${port} -Dbase=${base}"/>
    </exec>
    -->
  </target>

</project>
