<?xml version="1.0"?>

<!-- Written by James Tauber, Edited by Stefano Mazzocchi for Cocoon -->

<?cocoon-format type="text/xslfo"?>

<fo:root xmlns:fo="http://www.w3.org/1999/XSL/Format">
 <fo:layout-master-set>
  <fo:simple-page-master page-master-name="one" margin-left="100pt" margin-right="100pt">
   <fo:region-body margin-top="50pt" margin-bottom="50pt"/>
  </fo:simple-page-master>
 </fo:layout-master-set>
 
 <fo:page-sequence>
  <fo:sequence-specification>
   <fo:sequence-specifier-repeating page-master-first="one" page-master-repeating="one"/>
  </fo:sequence-specification>
  
  <fo:flow font-size="14pt" line-height="14pt">
 
   <fo:block text-align="centered" font-size="24pt" line-height="28pt">Welcome 
   to Cocoon</fo:block>

   <fo:block space-before.optimum="12pt" text-align="justified">This is an 
   example of James Tauber's <fo:inline-sequence font-weight="bold">FOP</fo:inline-sequence>
   formatter that formats XSL formatting objects in PDF. It is early days, but 
   FOP is increasingly supporting more and more formatting objects.</fo:block>
  
   <fo:block text-align="justified" space-before.optimum="12pt">What follows 
   is a list.</fo:block>
  
   <fo:list-block space-before.optimum="6pt">
    <fo:list-item space-before.optimum="12pt">
     <fo:list-item-label>
      <fo:block>1.</fo:block>
     </fo:list-item-label>
     <fo:list-item-body>
      <fo:block text-align="justified">This is item one. It is going to go 
      for a little longer to see if this list-item-body correctly wraps. 
      There, that should be enough.</fo:block>
     </fo:list-item-body>
    </fo:list-item>

    <fo:list-item space-before.optimum="12pt">
     <fo:list-item-label>
      <fo:block>2.</fo:block>
     </fo:list-item-label>
     <fo:list-item-body>
      <fo:block text-align="justified">This is item two. It has two blocks in 
      the body. This is the first.</fo:block>
      <fo:block text-align="justified">This is the second.</fo:block>
     </fo:list-item-body>
    </fo:list-item>
 
    <fo:list-item space-before.optimum="12pt">
     <fo:list-item-label>
      <fo:block>3.</fo:block>
     </fo:list-item-label>
     <fo:list-item-body>
      <fo:block text-align="justified">This is item three.</fo:block>
     </fo:list-item-body>
    </fo:list-item>
   </fo:list-block>
   
   <fo:block text-align="justified" space-before.optimum="12pt">This is an 
   example of FOP. This paragraph has to be long enough that it wraps so I 
   can test out text-align. That means I have to keep going and going until 
   I get at least a few lines to play with. I wonder if that's enough. Let 
   me go and check. Yep.</fo:block>
   
  </fo:flow>
  
 </fo:page-sequence>
 
</fo:root>


