<?xml version="1.0"?>
<!--
  Copyright 1999-2004 The Apache Software Foundation

  Licensed under the Apache License, Version 2.0 (the "License");
  you may not use this file except in compliance with the License.
  You may obtain a copy of the License at

      http://www.apache.org/licenses/LICENSE-2.0

  Unless required by applicable law or agreed to in writing, software
  distributed under the License is distributed on an "AS IS" BASIS,
  WITHOUT WARRANTIES OR CONDITIONS OF ANY KIND, either express or implied.
  See the License for the specific language governing permissions and
  limitations under the License.
-->
<project name="test">

  <description>
    Test targets
  </description>

  <!-- Runs all tests -->
  <target name="test" depends="junit-tests, block-tests" description="Runs all tests"/>

  <!-- Runs JUnit tests -->
  <target name="junit-tests" depends="compile-tests">
    <delete dir="${build.test.output}"/>
    <mkdir dir="${build.test.output}"/>
    <junit printsummary="yes" fork="yes">
      <!--jvmarg value="-Xdebug"/>
      <jvmarg value="-Xrunjdwp:transport=dt_socket,server=y,suspend=y,address=8000"/-->
      <classpath refid="test.classpath"/>
      <formatter type="plain"/>
      <formatter type="xml"/>
      <batchtest todir="${build.test.output}">
        <fileset dir="${build.test}">
          <include name="**/*TestCase.class"/>
          <include name="**/*Test.class" />
          <exclude name="**/AllTest.class" />
          <exclude name="**/*$$*Test.class" />
          <exclude name="**/Abstract*.class" />
          <exclude name="**/SitemapComponentTestCase*"/>
        </fileset>
      </batchtest>
    </junit>
    <junitreport todir="${build.test.output}">
      <fileset dir="${build.test.output}">
       <include name="TEST-*.xml"/>
      </fileset>
      <report format="frames" todir="${build.test.output}"/>
    </junitreport>
  </target>

  <!-- Anteater tests  -->
  <target name="anteater-tests" depends="compile-tests,block-anteater-tests">
    <!-- anteater parameters are set in build.properties -->
    <available file="${anteater.home}" property="anteater.present"/>
    <fail unless="anteater.present"
          message="To use anteater, please install it and set anteater.home (currently ${anteater.home}) in your local.build.properties"/>
    <echo>To run these tests, another instance of Cocoon must be running at ${anteater.target.host}:${anteater.target.port} (base path=${anteater.target.base.path})</echo>
    <java classname="org.apache.tools.ant.Main" fork="true">
      <classpath>
        <fileset dir="${anteater.home}">
          <include name="lib/**/*.jar"/>
          <include name="tomcat/**/*.jar"/>
        </fileset>
        <pathelement location="${anteater.home}/resources"/>
      </classpath>
      <jvmarg value="-Dant.home=${anteater.home}"/>
      <jvmarg value="-Danteater.home=${anteater.home}"/>
      <jvmarg value="-Danteater.resources=${anteater.home}/resources"/>
      <jvmarg value="-Danteater.report=${anteater.home}/resources/scripts/report.xml"/>
      <jvmarg value="-Djava.endorsed.dirs=${anteater.home}/lib"/>
      <arg line="-f ${build.test}/anteater/all-tests.xml -Dhost=${anteater.target.host} -Dport=${anteater.target.port} -Dbase=${anteater.target.base.path} -Ddefault.haltonerror=${anteater.option.haltonerror}"/>
    </java>
  </target>

  <!-- Block tests -->
  <target name="block-tests" depends="compile-tests, prepare-blocks">

    <ant antfile="${build.temp}/blocks-build.xml"
         inheritAll="true"
         inheritRefs="false"
         target="tests"/>

  </target>

  <target name="block-anteater-tests" depends="prepare-blocks">

    <ant antfile="${build.temp}/blocks-build.xml"
         inheritAll="true"
         inheritRefs="false"
         target="prepare-anteater-tests"/>

  </target>
</project>