<!--
  Copyright 1999-2004 The Apache Software Foundation

  Licensed under the Apache License, Version 2.0 (the "License");
  you may not use this file except in compliance with the License.
  You may obtain a copy of the License at

      http://www.apache.org/licenses/LICENSE-2.0

  Unless required by applicable law or agreed to in writing, software
  distributed under the License is distributed on an "AS IS" BASIS,
  WITHOUT WARRANTIES OR CONDITIONS OF ANY KIND, either express or implied.
  See the License for the specific language governing permissions and
  limitations under the License. 
-->
<wiring xmlns="http://apache.org/cocoon/blocks/wiring/1.0"
	xmlns:xsi="http://www.w3.org/2001/XMLSchema-instance" 
	xsi:schemaLocation="http://apache.org/cocoon/blocks/wiring/1.0 wiring-schema-1.0.xsd"
>

  <block id="http://mycompany.com/webmail/1.3.43" 
         location="WEB-INF/blocks/384938958499">
    <mount path="/mail/"/>
    <connections>
      <connection name="external-skin" 
      	block="http://yetanothercompany.com/skins/fancy/1.2.2"/>
      <connection name="internal-skin"
      	block="http://mycompany.com/skins/corporate/34.3.345"/>
      <connection name="repository"
      	block="http://mycompany.com/repositories/email/exchange/3.2.1"/>
    </connections>
    <properties>
      <property name="user" value="guest"/>
      <property name="password" value="sj3u493"/>
    </properties>
  </block>

  <block id="http://mycompany.com/repositories/email/exchange/3.2.1" 
         location="WEB-INF/blocks/394781274834">
    <properties>
      <property name="host" value="mail.blah.org"/>
    </properties>
  </block>

  <block id="http://yetanothercompany.com/skins/fancy/1.2.2" 
         location="WEB-INF/blocks/947384127832"/>

  <block id="http://mycompany.com/skins/corporate/34.3.345" 
         location="WEB-INF/blocks/746394782637"/>

</wiring>